[INFO] 2023-07-14 09:19:57,356 - Loading student images...
[INFO] 2023-07-14 09:20:09,395 - Starting face recognition...
[INFO] 2023-07-14 09:20:13,160 - Picture identified: Student name is: nanna
[INFO] 2023-07-14 09:20:13,435 - Face recognition completed successfully.
[INFO] 2023-07-14 09:20:13,435 - Loading student images...
[INFO] 2023-07-14 09:20:13,435 - Loading student images...
[INFO] 2023-07-14 09:20:24,577 - Starting face recognition...
[INFO] 2023-07-14 09:20:24,577 - Starting face recognition...
[INFO] 2023-07-14 09:20:28,163 - Picture identified: Student name is: nanna
[INFO] 2023-07-14 09:20:28,163 - Picture identified: Student name is: nanna
[INFO] 2023-07-14 09:20:28,430 - Face recognition completed successfully.
[INFO] 2023-07-14 09:20:28,430 - Face recognition completed successfully.
[INFO] 2023-08-02 20:57:03,315 - IMAGES_DIRECTORY: iphone
[INFO] 2023-08-02 20:57:07,606 - Loading student images...
[INFO] 2023-08-02 20:57:21,141 - Starting face recognition...
[INFO] 2023-08-02 20:57:27,778 - Picture identified: Student name is: nanna
[INFO] 2023-08-02 20:57:31,650 - Face recognition completed successfully.
[INFO] 2023-08-02 20:57:43,780 - IMAGES_DIRECTORY: iphone
[INFO] 2023-08-02 20:57:46,705 - Loading student images...
[INFO] 2023-08-02 20:57:59,556 - Starting face recognition...
[INFO] 2023-08-02 20:58:09,225 - Face recognition completed successfully.
[INFO] 2023-08-02 21:01:47,264 - IMAGES_DIRECTORY: iphone
[INFO] 2023-08-02 21:01:51,552 - Loading student images...
[INFO] 2023-08-02 21:02:04,434 - Starting face recognition...
[INFO] 2023-08-02 21:02:10,280 - Picture identified: Student name is: nanna
[INFO] 2023-08-02 21:02:14,135 - Face recognition completed successfully.
[INFO] 2023-08-25 22:27:05,326 - IMAGES_DIRECTORY: iphone
[INFO] 2023-08-25 22:27:10,649 - Loading student images...
[INFO] 2023-08-25 22:27:24,813 - Starting face recognition...
[INFO] 2023-08-25 22:27:33,293 - Picture identified: Student name is: nanna
[INFO] 2023-08-25 22:27:37,477 - Face recognition completed successfully.
[INFO] 2023-08-25 22:28:27,276 - IMAGES_DIRECTORY: iphone
[INFO] 2023-08-25 22:28:31,654 - Loading student images...
[INFO] 2023-08-25 22:28:44,854 - Starting face recognition...
[INFO] 2023-08-25 22:28:51,001 - Picture identified: Student name is: nanna
[INFO] 2023-08-25 22:28:54,980 - Face recognition completed successfully.
[INFO] 2023-08-25 22:33:48,524 - IMAGES_DIRECTORY: iphone
[INFO] 2023-08-25 22:33:52,859 - Loading student images...
[INFO] 2023-08-25 22:34:06,642 - Starting face recognition...
[INFO] 2023-08-25 22:34:14,170 - Picture identified: Student name is: nanna
[INFO] 2023-08-25 22:34:18,130 - Face recognition completed successfully.
[INFO] 2023-08-25 22:34:29,040 - IMAGES_DIRECTORY: iphone
[INFO] 2023-08-25 22:34:32,004 - Loading student images...
[INFO] 2023-08-25 22:34:45,164 - Starting face recognition...
[INFO] 2023-08-25 22:34:51,122 - Picture identified: Student name is: pithree
[INFO] 2023-08-25 22:34:55,295 - Face recognition completed successfully.
[INFO] 2023-08-25 22:35:05,679 - IMAGES_DIRECTORY: iphone
[INFO] 2023-08-25 22:35:08,662 - Loading student images...
[INFO] 2023-08-25 22:35:22,161 - Starting face recognition...
[INFO] 2023-08-25 22:35:29,006 - Picture identified: Student name is: Sreeja
[INFO] 2023-08-25 22:35:33,081 - Face recognition completed successfully.
[INFO] 2023-08-29 23:12:43,793 - IMAGES_DIRECTORY: iphone
[INFO] 2023-08-29 23:12:47,063 - Loading student images...
[INFO] 2023-08-29 23:12:55,508 - Starting face recognition...
[INFO] 2023-08-29 23:13:01,105 - Picture identified: Student name is: nanna
[INFO] 2023-08-29 23:13:05,087 - Face recognition completed successfully.
[INFO] 2023-08-30 14:29:59,783 - IMAGES_DIRECTORY: iphone
[INFO] 2023-08-30 14:30:03,018 - Loading student images...
[INFO] 2023-08-30 14:30:11,550 - Starting face recognition...
[INFO] 2023-08-30 14:30:16,996 - Picture identified: Student name is: pithree
[INFO] 2023-08-30 14:30:21,119 - Face recognition completed successfully.
[INFO] 2023-08-30 14:35:47,870 - IMAGES_DIRECTORY: iphone
[INFO] 2023-08-30 14:35:50,977 - Loading student images...
[INFO] 2023-08-30 14:35:59,404 - Starting face recognition...
[INFO] 2023-08-30 14:36:04,276 - Picture identified: Student name is: Sreeja
[INFO] 2023-08-30 14:36:08,311 - Face recognition completed successfully.
[INFO] 2023-08-30 14:43:18,003 - IMAGES_DIRECTORY: iphone
[INFO] 2023-08-30 14:43:21,202 - Loading student images...
[INFO] 2023-08-30 14:43:32,862 - Starting face recognition...
[INFO] 2023-08-30 14:43:42,884 - Time limit reached for attempt 1
[INFO] 2023-08-30 14:43:47,416 - Picture identified: Student name is: Sreeja
[INFO] 2023-08-30 14:43:51,606 - Face recognition completed successfully.
[INFO] 2023-08-30 14:44:22,178 - IMAGES_DIRECTORY: iphone
[INFO] 2023-08-30 14:44:25,360 - Loading student images...
[INFO] 2023-08-30 14:44:36,738 - Starting face recognition...
[INFO] 2023-08-30 14:44:46,305 - Time limit reached for attempt 1
[INFO] 2023-08-30 14:44:53,002 - Picture identified: Student name is: Sreeja
[INFO] 2023-08-30 14:44:57,129 - Face recognition completed successfully.
[INFO] 2023-08-30 14:45:06,805 - IMAGES_DIRECTORY: iphone
[INFO] 2023-08-30 14:45:09,936 - Loading student images...
[INFO] 2023-08-30 14:45:21,288 - Starting face recognition...
[INFO] 2023-08-30 14:45:26,185 - Picture identified: Student name is: pithree
[INFO] 2023-08-30 14:45:30,374 - Face recognition completed successfully.
[INFO] 2023-08-30 14:46:06,200 - IMAGES_DIRECTORY: iphone
[INFO] 2023-08-30 14:46:09,359 - Loading student images...
[INFO] 2023-08-30 14:46:20,809 - Starting face recognition...
[INFO] 2023-08-30 14:46:30,390 - Time limit reached for attempt 1
[INFO] 2023-08-30 14:46:35,025 - Picture identified: Student name is: pithree
[INFO] 2023-08-30 14:46:39,204 - Face recognition completed successfully.
[INFO] 2023-08-30 14:55:54,475 - IMAGES_DIRECTORY: iphone
[INFO] 2023-08-30 14:55:57,747 - Loading student images...
[INFO] 2023-08-30 14:56:07,525 - Starting face recognition...
[INFO] 2023-08-30 14:56:12,866 - Picture identified: Student name is: locke
[INFO] 2023-08-30 14:56:16,981 - Face recognition completed successfully.
[INFO] 2023-09-17 17:26:00,431 - IMAGES_DIRECTORY: iphone
[INFO] 2023-09-17 17:26:03,753 - Loading student images...
[INFO] 2023-09-17 17:26:16,977 - Starting face recognition...
[INFO] 2023-09-17 17:26:23,787 - Picture identified: Student name is: nanna
[INFO] 2023-09-17 17:26:27,682 - Face recognition completed successfully.
[INFO] 2023-09-17 17:41:09,305 - IMAGES_DIRECTORY: iphone
[INFO] 2023-09-17 17:41:12,584 - Loading student images...
[INFO] 2023-09-17 17:41:25,787 - Starting face recognition...
[INFO] 2023-09-17 17:41:32,212 - Picture identified: Student name is: nanna
[INFO] 2023-09-17 17:41:36,141 - Face recognition completed successfully.
[INFO] 2024-03-29 16:14:35,202 - IMAGES_DIRECTORY: iphone
[INFO] 2024-03-29 16:14:38,380 - Loading student images...
[INFO] 2024-03-29 16:14:48,455 - Starting face recognition...
[INFO] 2024-03-29 16:14:53,657 - Picture identified: Student name is: Sreeja
[INFO] 2024-03-29 16:14:57,615 - Face recognition completed successfully.
[INFO] 2024-03-29 16:18:52,154 - IMAGES_DIRECTORY: iphone
[INFO] 2024-03-29 16:18:55,445 - Loading student images...
[INFO] 2024-03-29 16:19:09,600 - Starting face recognition...
[INFO] 2024-03-29 16:19:16,550 - Picture identified: Student name is: Aditya
[INFO] 2024-03-29 16:19:20,641 - Face recognition completed successfully.
